<?xml version="1.0" encoding="UTF-8"?>
<!-- Generated by org.testng.reporters.JUnitReportReporter -->
<testsuite hostname="DESKTOP-3LQC5PV" failures="0" tests="1" name="testCases.TC_002_LoginTest" time="1.636" errors="0" timestamp="2023-09-06T22:43:21 IST" skipped="0">
  <testcase classname="testCases.TC_002_LoginTest" name="test_Login" time="1.636"/>
</testsuite> <!-- testCases.TC_002_LoginTest -->
