<?xml version="1.0" encoding="UTF-8"?>
<!-- Generated by org.testng.reporters.JUnitReportReporter -->
<testsuite hostname="DESKTOP-3LQC5PV" failures="0" tests="1" name="testCases.TC_001_AccountRegistrationTest" time="4.433" errors="0" timestamp="2023-09-06T22:43:21 IST" skipped="0">
  <testcase classname="testCases.TC_001_AccountRegistrationTest" name="test_account_Registration" time="4.433"/>
</testsuite> <!-- testCases.TC_001_AccountRegistrationTest -->
